<?xml version="1.0" encoding="UTF-8"?>
<!-- Generated by org.testng.reporters.JUnitReportReporter -->
<testsuite hostname="Dell" failures="0" tests="5" name="testClasses.Test1" time="0.017" errors="0" timestamp="2022-03-29T14:48:14 IST" skipped="0">
  <testcase classname="testClasses.Test1" name="test5" time="0.003"/>
  <system-out/>
  <testcase classname="testClasses.Test1" name="test1" time="0.007"/>
  <system-out/>
  <testcase classname="testClasses.Test1" name="test2" time="0.002"/>
  <system-out/>
  <testcase classname="testClasses.Test1" name="test3" time="0.003"/>
  <system-out/>
  <testcase classname="testClasses.Test1" name="test4" time="0.002"/>
  <system-out/>
</testsuite> <!-- testClasses.Test1 -->
